<?xml version="1.0" encoding="UTF-8" standalone="no"?>
<?xml-stylesheet type="text/xsl" href="../jgenhtml.xsl"?><coverage branch-rate="NaN" branches-covered="0" branches-valid="0" complexity="0" date="2024-07-01" filename="index" function-rate="NaN" functions-covered="0" functions-valid="0" line-rate="0.6810345" lines-covered="395" lines-valid="580" package="screen" testname="lcov.info" version="1.6">
    <sources>
        <source branches-hit="0" branches-valid="0" filename="main_page.dart" functions-hit="0" functions-valid="0" lines-hit="48" lines-valid="57" prefix="/Hochschule/Semester4/SWT2/project_10_frontend/lib/">
            <testCase branches-hit="0" functions-hit="0" lines-hit="48" name="&lt;unnamed&gt;"/>
        </source>
        <source branches-hit="0" branches-valid="0" filename="detail_item_ansicht.dart" functions-hit="0" functions-valid="0" lines-hit="72" lines-valid="93" prefix="/Hochschule/Semester4/SWT2/project_10_frontend/lib/">
            <testCase branches-hit="0" functions-hit="0" lines-hit="72" name="&lt;unnamed&gt;"/>
        </source>
        <source branches-hit="0" branches-valid="0" filename="item_uebersicht_page.dart" functions-hit="0" functions-valid="0" lines-hit="104" lines-valid="119" prefix="/Hochschule/Semester4/SWT2/project_10_frontend/lib/">
            <testCase branches-hit="0" functions-hit="0" lines-hit="104" name="&lt;unnamed&gt;"/>
        </source>
        <source branches-hit="0" branches-valid="0" filename="edit_item_page.dart" functions-hit="0" functions-valid="0" lines-hit="0" lines-valid="115" prefix="/Hochschule/Semester4/SWT2/project_10_frontend/lib/"/>
        <source branches-hit="0" branches-valid="0" filename="einkaufswagen.dart" functions-hit="0" functions-valid="0" lines-hit="67" lines-valid="73" prefix="/Hochschule/Semester4/SWT2/project_10_frontend/lib/">
            <testCase branches-hit="0" functions-hit="0" lines-hit="67" name="&lt;unnamed&gt;"/>
        </source>
        <source branches-hit="0" branches-valid="0" filename="edit_pizza_page.dart" functions-hit="0" functions-valid="0" lines-hit="104" lines-valid="123" prefix="/Hochschule/Semester4/SWT2/project_10_frontend/lib/">
            <testCase branches-hit="0" functions-hit="0" lines-hit="104" name="&lt;unnamed&gt;"/>
        </source>
    </sources>
    <config branch-coverage="true" description-file="false" function-coverage="true" genhtml_hi_limit="90" genhtml_med_limit="75" legend="false" no-sort="false" no-source="false" show-details="false"/>
    <base href="../"/>
    <base href="../"/>
</coverage>
