<?xml version="1.0" encoding="UTF-8" standalone="no"?>
<?xml-stylesheet type="text/xsl" href="../jgenhtml.xsl"?><coverage branch-rate="NaN" branches-covered="0" branches-valid="0" complexity="0" date="2024-07-01" filename="item_uebersicht_page.dart" function-rate="NaN" functions-covered="0" functions-valid="0" line-rate="0.8739496" lines-covered="104" lines-valid="119" package="screen" testname="lcov.info" version="1.6">
    <lines>
        <line number="1">
            <code>import 'package:flutter/material.dart';</code>
        </line>
        <line number="2">
            <code>import 'package:project_10_frontend/backend/backend.dart';</code>
        </line>
        <line number="3">
            <code>import 'package:project_10_frontend/model/MenuItemBase.dart';</code>
        </line>
        <line number="4">
            <code>import 'package:project_10_frontend/model/getraenke.dart';</code>
        </line>
        <line number="5">
            <code>import 'package:project_10_frontend/model/pizza.dart';</code>
        </line>
        <line number="6">
            <code>import 'package:project_10_frontend/screen/detail_item_ansicht.dart';</code>
        </line>
        <line number="7">
            <code>import 'package:project_10_frontend/screen/einkaufswagen.dart';</code>
        </line>
        <line number="8">
            <code>import 'package:project_10_frontend/warenkorb/cart.dart';</code>
        </line>
        <line number="9">
            <code>import 'package:http/http.dart' as http;</code>
        </line>
        <line number="10">
            <code/>
        </line>
        <line number="11">
            <code>class PizzaMenu extends StatefulWidget {</code>
        </line>
        <line number="12">
            <code>  final Backend backend;</code>
        </line>
        <line number="13">
            <code>  final http.Client client;</code>
        </line>
        <line number="14">
            <code/>
        </line>
        <line hits="1" number="15">
            <code>  PizzaMenu({required this.backend, required this.client});</code>
            <hit count="1" name="&lt;unnamed&gt;"/>
        </line>
        <line number="16">
            <code/>
        </line>
        <line hits="1" number="17">
            <code>  @override</code>
            <hit count="1" name="&lt;unnamed&gt;"/>
        </line>
        <line hits="1" number="18">
            <code>  _PizzaMenuState createState() =&gt; _PizzaMenuState();</code>
            <hit count="1" name="&lt;unnamed&gt;"/>
        </line>
        <line number="19">
            <code>}</code>
        </line>
        <line number="20">
            <code/>
        </line>
        <line number="21">
            <code>class _PizzaMenuState extends State&lt;PizzaMenu&gt; {</code>
        </line>
        <line number="22">
            <code>  List&lt;MenuItemBase&gt; menuItems = [];</code>
        </line>
        <line number="23">
            <code>  List&lt;MenuItemBase&gt; drinkItems = [];</code>
        </line>
        <line number="24">
            <code/>
        </line>
        <line hits="1" number="25">
            <code>  @override</code>
            <hit count="1" name="&lt;unnamed&gt;"/>
        </line>
        <line number="26">
            <code>  void initState() {</code>
        </line>
        <line hits="1" number="27">
            <code>    super.initState();</code>
            <hit count="1" name="&lt;unnamed&gt;"/>
        </line>
        <line hits="1" number="28">
            <code>    fetchPizzas();</code>
            <hit count="1" name="&lt;unnamed&gt;"/>
        </line>
        <line hits="1" number="29">
            <code>    fetchDrinks();</code>
            <hit count="1" name="&lt;unnamed&gt;"/>
        </line>
        <line number="30">
            <code>  }</code>
        </line>
        <line number="31">
            <code/>
        </line>
        <line hits="1" number="32">
            <code>  void fetchPizzas() async {</code>
            <hit count="1" name="&lt;unnamed&gt;"/>
        </line>
        <line number="33">
            <code>    try {</code>
        </line>
        <line hits="5" number="34">
            <code>      List&lt;Pizza&gt; pizzas = await widget.backend.fetchPizzaList(widget.client);</code>
            <hit count="5" name="&lt;unnamed&gt;"/>
        </line>
        <line hits="2" number="35">
            <code>      setState(() {</code>
            <hit count="2" name="&lt;unnamed&gt;"/>
        </line>
        <line hits="1" number="36">
            <code>        menuItems = pizzas;</code>
            <hit count="1" name="&lt;unnamed&gt;"/>
        </line>
        <line number="37">
            <code>      });</code>
        </line>
        <line number="38">
            <code>    } catch (e) {</code>
        </line>
        <line hits="0" number="39">
            <code>      print('Fehler beim Laden der Pizzas: $e');</code>
        </line>
        <line number="40">
            <code>    }</code>
        </line>
        <line number="41">
            <code>  }</code>
        </line>
        <line number="42">
            <code/>
        </line>
        <line hits="1" number="43">
            <code>  void fetchDrinks() async {</code>
            <hit count="1" name="&lt;unnamed&gt;"/>
        </line>
        <line number="44">
            <code>    try {</code>
        </line>
        <line hits="5" number="45">
            <code>      List&lt;Getraenke&gt; drinks = await widget.backend.fetchGetraenkeData(widget.client);</code>
            <hit count="5" name="&lt;unnamed&gt;"/>
        </line>
        <line hits="2" number="46">
            <code>      setState(() {</code>
            <hit count="2" name="&lt;unnamed&gt;"/>
        </line>
        <line hits="1" number="47">
            <code>        drinkItems = drinks;</code>
            <hit count="1" name="&lt;unnamed&gt;"/>
        </line>
        <line number="48">
            <code>      });</code>
        </line>
        <line number="49">
            <code>    } catch (e) {</code>
        </line>
        <line hits="0" number="50">
            <code>      print('Fehler beim Laden der GetrÃ¤nke: $e');</code>
        </line>
        <line number="51">
            <code>    }</code>
        </line>
        <line number="52">
            <code>  }</code>
        </line>
        <line number="53">
            <code/>
        </line>
        <line hits="1" number="54">
            <code>  @override</code>
            <hit count="1" name="&lt;unnamed&gt;"/>
        </line>
        <line number="55">
            <code>  Widget build(BuildContext context) {</code>
        </line>
        <line hits="1" number="56">
            <code>    return Scaffold(</code>
            <hit count="1" name="&lt;unnamed&gt;"/>
        </line>
        <line hits="1" number="57">
            <code>      appBar: AppBar(</code>
            <hit count="1" name="&lt;unnamed&gt;"/>
        </line>
        <line hits="1" number="58">
            <code>        title: Center(</code>
            <hit count="1" name="&lt;unnamed&gt;"/>
        </line>
        <line hits="1" number="59">
            <code>          child: RichText(</code>
            <hit count="1" name="&lt;unnamed&gt;"/>
        </line>
        <line hits="1" number="60">
            <code>            text: TextSpan(</code>
            <hit count="1" name="&lt;unnamed&gt;"/>
        </line>
        <line hits="1" number="61">
            <code>              children: [</code>
            <hit count="1" name="&lt;unnamed&gt;"/>
        </line>
        <line hits="1" number="62">
            <code>                TextSpan(</code>
            <hit count="1" name="&lt;unnamed&gt;"/>
        </line>
        <line number="63">
            <code>                  text: 'Mixed',</code>
        </line>
        <line hits="1" number="64">
            <code>                  style: TextStyle(</code>
            <hit count="1" name="&lt;unnamed&gt;"/>
        </line>
        <line number="65">
            <code>                    fontWeight: FontWeight.w300,</code>
        </line>
        <line number="66">
            <code>                    fontSize: 17.5,</code>
        </line>
        <line number="67">
            <code>                  ),</code>
        </line>
        <line number="68">
            <code>                ),</code>
        </line>
        <line hits="1" number="69">
            <code>                TextSpan(</code>
            <hit count="1" name="&lt;unnamed&gt;"/>
        </line>
        <line number="70">
            <code>                  text: ' Eats',</code>
        </line>
        <line hits="1" number="71">
            <code>                  style: TextStyle(</code>
            <hit count="1" name="&lt;unnamed&gt;"/>
        </line>
        <line number="72">
            <code>                    fontWeight: FontWeight.bold,</code>
        </line>
        <line number="73">
            <code>                    fontSize: 17.5,</code>
        </line>
        <line number="74">
            <code>                    color: Colors.green,</code>
        </line>
        <line number="75">
            <code>                  ),</code>
        </line>
        <line number="76">
            <code>                ),</code>
        </line>
        <line number="77">
            <code>              ],</code>
        </line>
        <line number="78">
            <code>            ),</code>
        </line>
        <line number="79">
            <code>          ),</code>
        </line>
        <line number="80">
            <code>        ),</code>
        </line>
        <line number="81">
            <code>        backgroundColor: Colors.black,</code>
        </line>
        <line hits="1" number="82">
            <code>        actions: [</code>
            <hit count="1" name="&lt;unnamed&gt;"/>
        </line>
        <line hits="1" number="83">
            <code>          IconButton(</code>
            <hit count="1" name="&lt;unnamed&gt;"/>
        </line>
        <line hits="1" number="84">
            <code>            icon: Icon(Icons.search),</code>
            <hit count="1" name="&lt;unnamed&gt;"/>
        </line>
        <line hits="0" number="85">
            <code>            onPressed: () {},</code>
        </line>
        <line number="86">
            <code>          ),</code>
        </line>
        <line number="87">
            <code>        ],</code>
        </line>
        <line number="88">
            <code>      ),</code>
        </line>
        <line hits="1" number="89">
            <code>      body: ListView(</code>
            <hit count="1" name="&lt;unnamed&gt;"/>
        </line>
        <line hits="1" number="90">
            <code>        children: [</code>
            <hit count="1" name="&lt;unnamed&gt;"/>
        </line>
        <line hits="1" number="91">
            <code>          Padding(</code>
            <hit count="1" name="&lt;unnamed&gt;"/>
        </line>
        <line number="92">
            <code>            padding: const EdgeInsets.symmetric(horizontal: 40, vertical: 15),</code>
        </line>
        <line hits="1" number="93">
            <code>            child: Row(</code>
            <hit count="1" name="&lt;unnamed&gt;"/>
        </line>
        <line number="94">
            <code>              mainAxisAlignment: MainAxisAlignment.spaceBetween,</code>
        </line>
        <line hits="1" number="95">
            <code>              children: [</code>
            <hit count="1" name="&lt;unnamed&gt;"/>
        </line>
        <line hits="2" number="96">
            <code>                Text('Pizza', style: TextStyle(fontWeight: FontWeight.bold, fontSize: 20)),</code>
            <hit count="2" name="&lt;unnamed&gt;"/>
        </line>
        <line hits="1" number="97">
            <code>                Row(</code>
            <hit count="1" name="&lt;unnamed&gt;"/>
        </line>
        <line hits="1" number="98">
            <code>                  children: [</code>
            <hit count="1" name="&lt;unnamed&gt;"/>
        </line>
        <line hits="1" number="99">
            <code>                    IconButton(</code>
            <hit count="1" name="&lt;unnamed&gt;"/>
        </line>
        <line hits="1" number="100">
            <code>                      icon: Icon(Icons.shopping_cart),</code>
            <hit count="1" name="&lt;unnamed&gt;"/>
        </line>
        <line hits="0" number="101">
            <code>                      onPressed: () {</code>
        </line>
        <line hits="0" number="102">
            <code>                        Navigator.push(</code>
        </line>
        <line number="103">
            <code>                          context,</code>
        </line>
        <line hits="0" number="104">
            <code>                          MaterialPageRoute(builder: (context) =&gt; Einkaufswagen.defaultConstructor()),</code>
        </line>
        <line number="105">
            <code>                        );</code>
        </line>
        <line number="106">
            <code>                      },</code>
        </line>
        <line number="107">
            <code>                    ),</code>
        </line>
        <line hits="1" number="108">
            <code>                    IconButton(</code>
            <hit count="1" name="&lt;unnamed&gt;"/>
        </line>
        <line hits="1" number="109">
            <code>                      icon: Icon(Icons.reply),</code>
            <hit count="1" name="&lt;unnamed&gt;"/>
        </line>
        <line hits="0" number="110">
            <code>                      onPressed: () {</code>
        </line>
        <line hits="0" number="111">
            <code>                        Navigator.pop(context);</code>
        </line>
        <line number="112">
            <code>                      },</code>
        </line>
        <line number="113">
            <code>                    ),</code>
        </line>
        <line number="114">
            <code>                  ],</code>
        </line>
        <line number="115">
            <code>                ),</code>
        </line>
        <line number="116">
            <code>              ],</code>
        </line>
        <line number="117">
            <code>            ),</code>
        </line>
        <line number="118">
            <code>          ),</code>
        </line>
        <line hits="1" number="119">
            <code>          Padding(</code>
            <hit count="1" name="&lt;unnamed&gt;"/>
        </line>
        <line number="120">
            <code>            padding: const EdgeInsets.symmetric(horizontal: 40),</code>
        </line>
        <line hits="1" number="121">
            <code>            child: Column(</code>
            <hit count="1" name="&lt;unnamed&gt;"/>
        </line>
        <line hits="9" number="122">
            <code>              children: menuItems.map((item) =&gt; MenuItemWidget(menuItem: item, backend: widget.backend, client: widget.client)).toList(),</code>
            <hit count="9" name="&lt;unnamed&gt;"/>
        </line>
        <line number="123">
            <code>            ),</code>
        </line>
        <line number="124">
            <code>          ),</code>
        </line>
        <line hits="1" number="125">
            <code>          Padding(</code>
            <hit count="1" name="&lt;unnamed&gt;"/>
        </line>
        <line number="126">
            <code>            padding: const EdgeInsets.symmetric(horizontal: 40, vertical: 15),</code>
        </line>
        <line hits="2" number="127">
            <code>            child: Text('GetrÃ¤nke', style: TextStyle(fontWeight: FontWeight.bold, fontSize: 20)),</code>
            <hit count="2" name="&lt;unnamed&gt;"/>
        </line>
        <line number="128">
            <code>          ),</code>
        </line>
        <line hits="1" number="129">
            <code>          Padding(</code>
            <hit count="1" name="&lt;unnamed&gt;"/>
        </line>
        <line number="130">
            <code>            padding: const EdgeInsets.symmetric(horizontal: 40),</code>
        </line>
        <line hits="1" number="131">
            <code>            child: Column(</code>
            <hit count="1" name="&lt;unnamed&gt;"/>
        </line>
        <line hits="9" number="132">
            <code>              children: drinkItems.map((item) =&gt; MenuItemWidget(menuItem: item, backend: widget.backend, client: widget.client)).toList(),</code>
            <hit count="9" name="&lt;unnamed&gt;"/>
        </line>
        <line number="133">
            <code>            ),</code>
        </line>
        <line number="134">
            <code>          ),</code>
        </line>
        <line number="135">
            <code>        ],</code>
        </line>
        <line number="136">
            <code>      ),</code>
        </line>
        <line number="137">
            <code>    );</code>
        </line>
        <line number="138">
            <code>  }</code>
        </line>
        <line number="139">
            <code>}</code>
        </line>
        <line number="140">
            <code/>
        </line>
        <line number="141">
            <code>class MenuItemWidget extends StatelessWidget {</code>
        </line>
        <line number="142">
            <code>  final MenuItemBase menuItem;</code>
        </line>
        <line number="143">
            <code>  final Backend backend;</code>
        </line>
        <line number="144">
            <code>  final http.Client client;</code>
        </line>
        <line number="145">
            <code/>
        </line>
        <line hits="1" number="146">
            <code>  MenuItemWidget({required this.menuItem, required this.backend, required this.client});</code>
            <hit count="1" name="&lt;unnamed&gt;"/>
        </line>
        <line number="147">
            <code/>
        </line>
        <line hits="1" number="148">
            <code>  @override</code>
            <hit count="1" name="&lt;unnamed&gt;"/>
        </line>
        <line number="149">
            <code>  Widget build(BuildContext context) {</code>
        </line>
        <line number="150">
            <code>    String imageUrl;</code>
        </line>
        <line hits="2" number="151">
            <code>    if (menuItem is Pizza) {</code>
            <hit count="2" name="&lt;unnamed&gt;"/>
        </line>
        <line hits="3" number="152">
            <code>      imageUrl = 'assets/Pizza_Bilder/${menuItem.imageUrl}';</code>
            <hit count="3" name="&lt;unnamed&gt;"/>
        </line>
        <line hits="2" number="153">
            <code>    } else if (menuItem is Getraenke) {</code>
            <hit count="2" name="&lt;unnamed&gt;"/>
        </line>
        <line hits="3" number="154">
            <code>      imageUrl = 'assets/Getreanke_Bilder/${menuItem.imageUrl}';</code>
            <hit count="3" name="&lt;unnamed&gt;"/>
        </line>
        <line number="155">
            <code>    } else {</code>
        </line>
        <line hits="0" number="156">
            <code>      imageUrl = menuItem.imageUrl; // Fallback falls notwendig</code>
        </line>
        <line number="157">
            <code>    }</code>
        </line>
        <line number="158">
            <code/>
        </line>
        <line hits="1" number="159">
            <code>    return GestureDetector(</code>
            <hit count="1" name="&lt;unnamed&gt;"/>
        </line>
        <line hits="1" number="160">
            <code>      onTap: () {</code>
            <hit count="1" name="&lt;unnamed&gt;"/>
        </line>
        <line hits="2" number="161">
            <code>        if (menuItem is Pizza) {</code>
            <hit count="2" name="&lt;unnamed&gt;"/>
        </line>
        <line hits="0" number="162">
            <code>          Navigator.push(</code>
        </line>
        <line number="163">
            <code>            context,</code>
        </line>
        <line hits="0" number="164">
            <code>            MaterialPageRoute(builder: (context) =&gt; PizzaDetailScreen(pizza: menuItem as Pizza, backend: backend, client: client)),</code>
        </line>
        <line number="165">
            <code>          );</code>
        </line>
        <line hits="2" number="166">
            <code>        } else if (menuItem is Getraenke) {</code>
            <hit count="2" name="&lt;unnamed&gt;"/>
        </line>
        <line hits="2" number="167">
            <code>          _showAddToCartDialog(context, menuItem);</code>
            <hit count="2" name="&lt;unnamed&gt;"/>
        </line>
        <line number="168">
            <code>        }</code>
        </line>
        <line number="169">
            <code>      },</code>
        </line>
        <line hits="1" number="170">
            <code>      child: Card(</code>
            <hit count="1" name="&lt;unnamed&gt;"/>
        </line>
        <line hits="1" number="171">
            <code>        color: Color.fromARGB(255, 255, 255, 255),</code>
            <hit count="1" name="&lt;unnamed&gt;"/>
        </line>
        <line hits="1" number="172">
            <code>        shape: RoundedRectangleBorder(</code>
            <hit count="1" name="&lt;unnamed&gt;"/>
        </line>
        <line hits="1" number="173">
            <code>          borderRadius: BorderRadius.circular(10.0),</code>
            <hit count="1" name="&lt;unnamed&gt;"/>
        </line>
        <line number="174">
            <code>        ),</code>
        </line>
        <line number="175">
            <code>        elevation: 1,</code>
        </line>
        <line hits="1" number="176">
            <code>        margin: EdgeInsets.symmetric(vertical: 8),</code>
            <hit count="1" name="&lt;unnamed&gt;"/>
        </line>
        <line hits="1" number="177">
            <code>        child: Padding(</code>
            <hit count="1" name="&lt;unnamed&gt;"/>
        </line>
        <line number="178">
            <code>          padding: const EdgeInsets.all(10.0),</code>
        </line>
        <line hits="1" number="179">
            <code>          child: Row(</code>
            <hit count="1" name="&lt;unnamed&gt;"/>
        </line>
        <line hits="1" number="180">
            <code>            children: [</code>
            <hit count="1" name="&lt;unnamed&gt;"/>
        </line>
        <line hits="1" number="181">
            <code>              Expanded(</code>
            <hit count="1" name="&lt;unnamed&gt;"/>
        </line>
        <line hits="1" number="182">
            <code>                child: Column(</code>
            <hit count="1" name="&lt;unnamed&gt;"/>
        </line>
        <line number="183">
            <code>                  crossAxisAlignment: CrossAxisAlignment.start,</code>
        </line>
        <line hits="1" number="184">
            <code>                  children: [</code>
            <hit count="1" name="&lt;unnamed&gt;"/>
        </line>
        <line hits="1" number="185">
            <code>                    Text(</code>
            <hit count="1" name="&lt;unnamed&gt;"/>
        </line>
        <line hits="2" number="186">
            <code>                      menuItem.name,</code>
            <hit count="2" name="&lt;unnamed&gt;"/>
        </line>
        <line hits="1" number="187">
            <code>                      style: TextStyle(fontWeight: FontWeight.bold, fontSize: 18),</code>
            <hit count="1" name="&lt;unnamed&gt;"/>
        </line>
        <line number="188">
            <code>                    ),</code>
        </line>
        <line hits="1" number="189">
            <code>                    SizedBox(height: 8),</code>
            <hit count="1" name="&lt;unnamed&gt;"/>
        </line>
        <line hits="1" number="190">
            <code>                    Text(</code>
            <hit count="1" name="&lt;unnamed&gt;"/>
        </line>
        <line hits="4" number="191">
            <code>                      '${menuItem.preis.toStringAsFixed(2)} â‚¬',</code>
            <hit count="4" name="&lt;unnamed&gt;"/>
        </line>
        <line hits="1" number="192">
            <code>                      style: TextStyle(color: Colors.green, fontSize: 14),</code>
            <hit count="1" name="&lt;unnamed&gt;"/>
        </line>
        <line number="193">
            <code>                    ),</code>
        </line>
        <line hits="1" number="194">
            <code>                    SizedBox(height: 10),</code>
            <hit count="1" name="&lt;unnamed&gt;"/>
        </line>
        <line hits="3" number="195">
            <code>                    if (menuItem is Pizza) Text(</code>
            <hit count="3" name="&lt;unnamed&gt;"/>
        </line>
        <line hits="2" number="196">
            <code>                      (menuItem as Pizza).beschreibung,</code>
            <hit count="2" name="&lt;unnamed&gt;"/>
        </line>
        <line hits="1" number="197">
            <code>                      style: TextStyle(fontSize: 16),</code>
            <hit count="1" name="&lt;unnamed&gt;"/>
        </line>
        <line number="198">
            <code>                    ),</code>
        </line>
        <line number="199">
            <code>                  ],</code>
        </line>
        <line number="200">
            <code>                ),</code>
        </line>
        <line number="201">
            <code>              ),</code>
        </line>
        <line hits="1" number="202">
            <code>              ClipRRect(</code>
            <hit count="1" name="&lt;unnamed&gt;"/>
        </line>
        <line hits="1" number="203">
            <code>                borderRadius: BorderRadius.only(</code>
            <hit count="1" name="&lt;unnamed&gt;"/>
        </line>
        <line hits="1" number="204">
            <code>                  topRight: Radius.circular(10.0),</code>
            <hit count="1" name="&lt;unnamed&gt;"/>
        </line>
        <line hits="1" number="205">
            <code>                  bottomRight: Radius.circular(10.0),</code>
            <hit count="1" name="&lt;unnamed&gt;"/>
        </line>
        <line number="206">
            <code>                ),</code>
        </line>
        <line hits="1" number="207">
            <code>                child: Image.asset(</code>
            <hit count="1" name="&lt;unnamed&gt;"/>
        </line>
        <line number="208">
            <code>                  imageUrl,</code>
        </line>
        <line number="209">
            <code>                  width: 100,</code>
        </line>
        <line number="210">
            <code>                  height: 100,</code>
        </line>
        <line number="211">
            <code>                  fit: BoxFit.contain, // Change to BoxFit.contain to ensure the entire image is visible</code>
        </line>
        <line hits="0" number="212">
            <code>                  errorBuilder: (context, error, stackTrace) {</code>
        </line>
        <line hits="0" number="213">
            <code>                    return Icon(Icons.error);</code>
        </line>
        <line number="214">
            <code>                  },</code>
        </line>
        <line number="215">
            <code>                ),</code>
        </line>
        <line number="216">
            <code>              ),</code>
        </line>
        <line number="217">
            <code>            ],</code>
        </line>
        <line number="218">
            <code>          ),</code>
        </line>
        <line number="219">
            <code>        ),</code>
        </line>
        <line number="220">
            <code>      ),</code>
        </line>
        <line number="221">
            <code>    );</code>
        </line>
        <line number="222">
            <code>  }</code>
        </line>
        <line number="223">
            <code/>
        </line>
        <line hits="1" number="224">
            <code>  void _showAddToCartDialog(BuildContext context, MenuItemBase menuItem) {</code>
            <hit count="1" name="&lt;unnamed&gt;"/>
        </line>
        <line hits="1" number="225">
            <code>    showDialog(</code>
            <hit count="1" name="&lt;unnamed&gt;"/>
        </line>
        <line number="226">
            <code>      context: context,</code>
        </line>
        <line hits="1" number="227">
            <code>      builder: (BuildContext context) {</code>
            <hit count="1" name="&lt;unnamed&gt;"/>
        </line>
        <line hits="1" number="228">
            <code>        return AlertDialog(</code>
            <hit count="1" name="&lt;unnamed&gt;"/>
        </line>
        <line hits="1" number="229">
            <code>          title: Text("GetrÃ¤nk hinzufÃ¼gen"),</code>
            <hit count="1" name="&lt;unnamed&gt;"/>
        </line>
        <line hits="3" number="230">
            <code>          content: Text("MÃ¶chten Sie ${menuItem.name} zum Warenkorb hinzufÃ¼gen?"),</code>
            <hit count="3" name="&lt;unnamed&gt;"/>
        </line>
        <line hits="1" number="231">
            <code>          actions: &lt;Widget&gt;[</code>
            <hit count="1" name="&lt;unnamed&gt;"/>
        </line>
        <line hits="1" number="232">
            <code>            TextButton(</code>
            <hit count="1" name="&lt;unnamed&gt;"/>
        </line>
        <line hits="1" number="233">
            <code>              child: Text("Nein"),</code>
            <hit count="1" name="&lt;unnamed&gt;"/>
        </line>
        <line hits="0" number="234">
            <code>              onPressed: () {</code>
        </line>
        <line hits="0" number="235">
            <code>                Navigator.of(context).pop();</code>
        </line>
        <line number="236">
            <code>              },</code>
        </line>
        <line number="237">
            <code>            ),</code>
        </line>
        <line hits="1" number="238">
            <code>            TextButton(</code>
            <hit count="1" name="&lt;unnamed&gt;"/>
        </line>
        <line hits="1" number="239">
            <code>              child: Text("Ja"),</code>
            <hit count="1" name="&lt;unnamed&gt;"/>
        </line>
        <line hits="1" number="240">
            <code>              onPressed: () {</code>
            <hit count="1" name="&lt;unnamed&gt;"/>
        </line>
        <line hits="2" number="241">
            <code>                Cart().addItem(menuItem);</code>
            <hit count="2" name="&lt;unnamed&gt;"/>
        </line>
        <line hits="2" number="242">
            <code>                Navigator.of(context).pop();</code>
            <hit count="2" name="&lt;unnamed&gt;"/>
        </line>
        <line hits="2" number="243">
            <code>                ScaffoldMessenger.of(context).showSnackBar(</code>
            <hit count="2" name="&lt;unnamed&gt;"/>
        </line>
        <line hits="1" number="244">
            <code>                  SnackBar(</code>
            <hit count="1" name="&lt;unnamed&gt;"/>
        </line>
        <line hits="3" number="245">
            <code>                    content: Text("${menuItem.name} wurde zum Warenkorb hinzugefÃ¼gt."),</code>
            <hit count="3" name="&lt;unnamed&gt;"/>
        </line>
        <line number="246">
            <code>                  ),</code>
        </line>
        <line number="247">
            <code>                );</code>
        </line>
        <line number="248">
            <code>              },</code>
        </line>
        <line number="249">
            <code>            ),</code>
        </line>
        <line number="250">
            <code>          ],</code>
        </line>
        <line number="251">
            <code>        );</code>
        </line>
        <line number="252">
            <code>      },</code>
        </line>
        <line number="253">
            <code>    );</code>
        </line>
        <line number="254">
            <code>  }</code>
        </line>
        <line number="255">
            <code>}</code>
        </line>
    </lines>
    <config branch-coverage="true" description-file="false" function-coverage="true" genhtml_hi_limit="90" genhtml_med_limit="75" legend="false" no-sort="false" no-source="false" show-details="false"/>
    <base href="../"/>
    <base href="../"/>
</coverage>
