<?xml version="1.0" encoding="UTF-8" standalone="no"?>
<?xml-stylesheet type="text/xsl" href="../jgenhtml.xsl"?><coverage branch-rate="NaN" branches-covered="0" branches-valid="0" complexity="0" date="2024-07-01" filename="getraenke.dart" function-rate="NaN" functions-covered="0" functions-valid="0" line-rate="1.0" lines-covered="12" lines-valid="12" package="model" testname="lcov.info" version="1.6">
    <lines>
        <line number="1">
            <code/>
        </line>
        <line number="2">
            <code/>
        </line>
        <line number="3">
            <code>import 'package:project_10_frontend/model/MenuItemBase.dart';</code>
        </line>
        <line number="4">
            <code/>
        </line>
        <line number="5">
            <code>class Getraenke implements MenuItemBase {</code>
        </line>
        <line number="6">
            <code>  int id;</code>
        </line>
        <line number="7">
            <code>  String name;</code>
        </line>
        <line number="8">
            <code>  double preis;</code>
        </line>
        <line number="9">
            <code>  String imageUrl;</code>
        </line>
        <line number="10">
            <code/>
        </line>
        <line hits="5" number="11">
            <code>  Getraenke({required this.id, required this.name, required this.preis, required this.imageUrl});</code>
            <hit count="5" name="&lt;unnamed&gt;"/>
        </line>
        <line number="12">
            <code/>
        </line>
        <line hits="1" number="13">
            <code>  factory Getraenke.fromJson(Map&lt;String, dynamic&gt; json) {</code>
            <hit count="1" name="&lt;unnamed&gt;"/>
        </line>
        <line hits="1" number="14">
            <code>    return Getraenke(</code>
            <hit count="1" name="&lt;unnamed&gt;"/>
        </line>
        <line hits="1" number="15">
            <code>      id: json['id'],</code>
            <hit count="1" name="&lt;unnamed&gt;"/>
        </line>
        <line hits="1" number="16">
            <code>      name: json['name'],</code>
            <hit count="1" name="&lt;unnamed&gt;"/>
        </line>
        <line hits="1" number="17">
            <code>      preis: json['preis'],</code>
            <hit count="1" name="&lt;unnamed&gt;"/>
        </line>
        <line hits="1" number="18">
            <code>      imageUrl: json['imageUrl'],</code>
            <hit count="1" name="&lt;unnamed&gt;"/>
        </line>
        <line number="19">
            <code/>
        </line>
        <line number="20">
            <code>    );</code>
        </line>
        <line number="21">
            <code>  }</code>
        </line>
        <line number="22">
            <code/>
        </line>
        <line hits="3" number="23">
            <code>  Map&lt;String, dynamic&gt; toJson() {</code>
            <hit count="3" name="&lt;unnamed&gt;"/>
        </line>
        <line hits="3" number="24">
            <code>    return {</code>
            <hit count="3" name="&lt;unnamed&gt;"/>
        </line>
        <line hits="3" number="25">
            <code>      'id': id,</code>
            <hit count="3" name="&lt;unnamed&gt;"/>
        </line>
        <line hits="3" number="26">
            <code>      'name': name,</code>
            <hit count="3" name="&lt;unnamed&gt;"/>
        </line>
        <line hits="3" number="27">
            <code>      'preis': preis,</code>
            <hit count="3" name="&lt;unnamed&gt;"/>
        </line>
        <line number="28">
            <code>      //'imageUrl': imageUrl,</code>
        </line>
        <line number="29">
            <code>    };</code>
        </line>
        <line number="30">
            <code>  }</code>
        </line>
        <line number="31">
            <code>}</code>
        </line>
    </lines>
    <config branch-coverage="true" description-file="false" function-coverage="true" genhtml_hi_limit="90" genhtml_med_limit="75" legend="false" no-sort="false" no-source="false" show-details="false"/>
    <base href="../"/>
    <base href="../"/>
</coverage>
