<?xml version="1.0" encoding="UTF-8" standalone="no"?>
<?xml-stylesheet type="text/xsl" href="../jgenhtml.xsl"?><coverage branch-rate="NaN" branches-covered="0" branches-valid="0" complexity="0" date="2024-05-06" filename="item.dart" function-rate="NaN" functions-covered="0" functions-valid="0" line-rate="1.0" lines-covered="5" lines-valid="5" package="model" testname="lcov.info" version="1.6">
    <lines>
        <line number="1">
            <code/>
        </line>
        <line number="2">
            <code>class Item {</code>
        </line>
        <line number="3">
            <code>    int id;</code>
        </line>
        <line number="4">
            <code>    String name;</code>
        </line>
        <line number="5">
            <code>    String description;</code>
        </line>
        <line number="6">
            <code/>
        </line>
        <line hits="5" number="7">
            <code>    Item({</code>
            <hit count="5" name="&lt;unnamed&gt;"/>
        </line>
        <line number="8">
            <code>        required this.id,</code>
        </line>
        <line number="9">
            <code>        required this.name,</code>
        </line>
        <line number="10">
            <code>        required this.description,</code>
        </line>
        <line number="11">
            <code>    });</code>
        </line>
        <line number="12">
            <code/>
        </line>
        <line hits="10" number="13">
            <code>    factory Item.fromJson(Map&lt;String, dynamic&gt; json) =&gt; Item(</code>
            <hit count="10" name="&lt;unnamed&gt;"/>
        </line>
        <line hits="5" number="14">
            <code>        id: json["id"],</code>
            <hit count="5" name="&lt;unnamed&gt;"/>
        </line>
        <line hits="5" number="15">
            <code>        name: json["name"],</code>
            <hit count="5" name="&lt;unnamed&gt;"/>
        </line>
        <line hits="5" number="16">
            <code>        description: json["description"],</code>
            <hit count="5" name="&lt;unnamed&gt;"/>
        </line>
        <line number="17">
            <code>    );</code>
        </line>
        <line number="18">
            <code/>
        </line>
        <line number="19">
            <code>}</code>
        </line>
    </lines>
    <config branch-coverage="true" description-file="false" function-coverage="true" genhtml_hi_limit="90" genhtml_med_limit="75" legend="false" no-sort="false" no-source="false" show-details="false"/>
    <base href="../"/>
    <base href="../"/>
</coverage>
