<?xml version="1.0" encoding="UTF-8" standalone="no"?>
<?xml-stylesheet type="text/xsl" href="../jgenhtml.xsl"?><coverage branch-rate="NaN" branches-covered="0" branches-valid="0" complexity="0" date="2024-07-01" filename="pizza.dart" function-rate="NaN" functions-covered="0" functions-valid="0" line-rate="0.47368422" lines-covered="9" lines-valid="19" package="model" testname="lcov.info" version="1.6">
    <lines>
        <line number="1">
            <code/>
        </line>
        <line number="2">
            <code>import 'package:project_10_frontend/model/MenuItemBase.dart';</code>
        </line>
        <line number="3">
            <code>import 'package:project_10_frontend/model/zutaten.dart';</code>
        </line>
        <line number="4">
            <code/>
        </line>
        <line number="5">
            <code>class Pizza implements MenuItemBase {</code>
        </line>
        <line number="6">
            <code>  final int id;</code>
        </line>
        <line number="7">
            <code>  late final String name;</code>
        </line>
        <line number="8">
            <code>  late final String beschreibung;</code>
        </line>
        <line number="9">
            <code>  late final double preis;</code>
        </line>
        <line number="10">
            <code>  final String imageUrl;</code>
        </line>
        <line number="11">
            <code>  final List&lt;Zutaten&gt; zutaten;</code>
        </line>
        <line number="12">
            <code/>
        </line>
        <line number="13">
            <code/>
        </line>
        <line hits="7" number="14">
            <code>  Pizza({required this.id, required this.name, required this.beschreibung, required this.preis, required this.imageUrl, this.zutaten = const []});</code>
            <hit count="7" name="&lt;unnamed&gt;"/>
        </line>
        <line number="15">
            <code/>
        </line>
        <line hits="0" number="16">
            <code>  factory Pizza.fromJson(Map&lt;String, dynamic&gt; json) {</code>
        </line>
        <line hits="0" number="17">
            <code>    return Pizza(</code>
        </line>
        <line hits="0" number="18">
            <code>      id: json['id'],</code>
        </line>
        <line hits="0" number="19">
            <code>      name: json['name'],</code>
        </line>
        <line hits="0" number="20">
            <code>      beschreibung: json['beschreibung'],</code>
        </line>
        <line hits="0" number="21">
            <code>      preis: json['preis'],</code>
        </line>
        <line hits="0" number="22">
            <code>      imageUrl: json['imageUrl'],</code>
        </line>
        <line hits="0" number="23">
            <code>      zutaten: (json['zutaten'] as List&lt;dynamic&gt;)</code>
        </line>
        <line hits="0" number="24">
            <code>          .map((item) =&gt; Zutaten.fromJson(item))</code>
        </line>
        <line hits="0" number="25">
            <code>          .toList(),</code>
        </line>
        <line number="26">
            <code>    );</code>
        </line>
        <line number="27">
            <code>  }</code>
        </line>
        <line number="28">
            <code/>
        </line>
        <line hits="5" number="29">
            <code>  Map&lt;String, dynamic&gt; toJson() {</code>
            <hit count="5" name="&lt;unnamed&gt;"/>
        </line>
        <line hits="5" number="30">
            <code>    return {</code>
            <hit count="5" name="&lt;unnamed&gt;"/>
        </line>
        <line hits="5" number="31">
            <code>      'id': id,</code>
            <hit count="5" name="&lt;unnamed&gt;"/>
        </line>
        <line hits="5" number="32">
            <code>      'name': name,</code>
            <hit count="5" name="&lt;unnamed&gt;"/>
        </line>
        <line hits="5" number="33">
            <code>      'beschreibung': beschreibung,</code>
            <hit count="5" name="&lt;unnamed&gt;"/>
        </line>
        <line hits="5" number="34">
            <code>      'preis': preis,</code>
            <hit count="5" name="&lt;unnamed&gt;"/>
        </line>
        <line hits="5" number="35">
            <code>      'imageUrl': imageUrl,</code>
            <hit count="5" name="&lt;unnamed&gt;"/>
        </line>
        <line hits="17" number="36">
            <code>       'zutaten': zutaten.map((zutat) =&gt; zutat.toJson()).toList(),</code>
            <hit count="17" name="&lt;unnamed&gt;"/>
        </line>
        <line number="37">
            <code/>
        </line>
        <line number="38">
            <code>    };</code>
        </line>
        <line number="39">
            <code>  }</code>
        </line>
        <line number="40">
            <code>}</code>
        </line>
    </lines>
    <config branch-coverage="true" description-file="false" function-coverage="true" genhtml_hi_limit="90" genhtml_med_limit="75" legend="false" no-sort="false" no-source="false" show-details="false"/>
    <base href="../"/>
    <base href="../"/>
</coverage>
