SF:lib/backend/backend.dart
DA:16,1
DA:18,1
DA:23,2
DA:24,1
DA:25,1
DA:27,2
DA:28,4
DA:30,1
DA:34,1
DA:35,2
DA:37,2
DA:38,1
DA:39,3
DA:40,3
DA:42,1
DA:46,1
DA:47,3
DA:49,2
DA:50,4
DA:52,1
DA:56,1
DA:57,2
DA:59,2
DA:60,3
DA:61,4
DA:63,1
DA:67,1
DA:68,3
DA:70,2
DA:71,4
DA:73,1
DA:77,1
DA:78,2
DA:80,2
DA:82,2
DA:83,4
DA:85,0
DA:86,0
DA:89,1
DA:93,1
DA:94,3
DA:96,2
DA:97,4
DA:99,1
DA:103,0
DA:105,2
DA:113,2
DA:114,4
DA:115,8
DA:116,6
DA:123,2
DA:125,2
DA:129,4
DA:130,2
DA:134,2
DA:136,6
DA:138,6
DA:139,6
DA:141,4
DA:142,2
DA:146,0
DA:148,0
DA:149,0
DA:150,0
DA:154,0
DA:155,0
DA:156,0
DA:157,0
DA:160,0
DA:161,0
DA:163,0
DA:167,3
DA:168,6
DA:170,4
DA:171,2
DA:172,6
DA:173,6
DA:175,2
DA:179,2
DA:181,4
DA:182,2
DA:184,2
DA:186,2
DA:190,4
DA:191,2
DA:195,2
DA:196,6
DA:198,4
DA:199,8
DA:201,1
DA:205,1
DA:206,2
DA:207,1
DA:209,2
DA:212,3
DA:216,2
DA:217,4
DA:218,2
DA:220,4
DA:223,3
DA:227,1
DA:230,2
DA:231,1
DA:232,1
DA:233,1
DA:236,2
DA:242,1
DA:244,1
DA:245,1
DA:247,1
DA:250,2
LF:111
LH:97
end_of_record
SF:lib/model/Bestellung.dart
DA:13,4
DA:23,4
DA:24,6
DA:25,4
DA:27,12
DA:29,14
DA:31,4
DA:32,4
DA:35,8
DA:36,4
DA:37,4
DA:38,4
DA:42,2
DA:43,2
DA:44,2
DA:45,2
DA:46,4
DA:47,2
DA:48,2
DA:49,4
DA:50,2
DA:51,2
DA:52,2
DA:53,2
DA:54,2
DA:58,0
DA:61,0
DA:62,0
DA:65,0
DA:66,0
LF:30
LH:25
end_of_record
SF:lib/model/pizza.dart
DA:12,14
DA:20,5
DA:21,5
DA:22,5
DA:23,5
DA:24,5
DA:25,5
DA:26,5
DA:27,6
DA:28,5
DA:29,5
DA:33,8
DA:34,8
DA:35,8
DA:36,8
DA:37,8
DA:38,8
DA:39,8
DA:40,26
LF:19
LH:19
end_of_record
SF:lib/model/zutaten.dart
DA:6,4
DA:8,2
DA:9,2
DA:10,2
DA:11,2
DA:12,4
DA:16,1
DA:17,1
DA:18,1
DA:19,1
DA:20,1
LF:11
LH:11
end_of_record
SF:lib/model/getraenke.dart
DA:9,8
DA:15,5
DA:16,5
DA:17,5
DA:18,5
DA:19,5
DA:20,5
DA:24,4
DA:25,4
DA:26,4
DA:27,4
DA:28,4
DA:29,4
LF:13
LH:13
end_of_record
SF:lib/screen/item_uebersicht_page.dart
DA:15,1
DA:17,1
DA:18,1
DA:25,1
DA:27,1
DA:28,1
DA:29,1
DA:32,1
DA:34,5
DA:35,2
DA:36,1
DA:39,0
DA:43,1
DA:46,5
DA:47,2
DA:48,1
DA:51,0
DA:55,1
DA:57,1
DA:58,1
DA:59,1
DA:60,1
DA:61,1
DA:62,1
DA:63,1
DA:65,1
DA:70,1
DA:72,1
DA:83,1
DA:84,1
DA:85,1
DA:86,0
DA:90,1
DA:91,1
DA:92,1
DA:94,1
DA:96,1
DA:97,1
DA:99,1
DA:100,1
DA:101,1
DA:102,1
DA:103,1
DA:104,0
DA:105,0
DA:107,0
DA:108,0
DA:109,0
DA:113,1
DA:114,1
DA:115,0
DA:116,0
DA:124,1
DA:126,1
DA:127,1
DA:128,3
DA:130,2
DA:131,2
DA:132,1
DA:135,1
DA:137,1
DA:138,1
DA:140,1
DA:142,1
DA:143,1
DA:144,3
DA:146,2
DA:147,2
DA:148,1
DA:162,1
DA:165,1
DA:168,2
DA:169,3
DA:170,2
DA:171,3
DA:173,0
DA:176,1
DA:177,1
DA:178,2
DA:179,0
DA:181,0
DA:182,0
DA:183,0
DA:184,0
DA:185,0
DA:187,2
DA:188,2
DA:191,1
DA:192,1
DA:193,1
DA:194,1
DA:197,1
DA:198,1
DA:200,1
DA:201,1
DA:202,1
DA:203,1
DA:205,1
DA:206,1
DA:207,2
DA:209,1
DA:211,1
DA:212,1
DA:213,4
DA:214,1
DA:216,1
DA:217,2
DA:218,1
DA:219,2
DA:220,1
DA:225,1
DA:226,1
DA:227,1
DA:228,1
DA:230,1
DA:236,0
DA:237,0
DA:248,1
DA:249,1
DA:251,1
DA:252,1
DA:253,1
DA:255,3
DA:256,1
DA:257,1
DA:258,1
DA:259,0
DA:260,0
DA:263,1
DA:264,1
DA:265,1
DA:266,2
DA:267,2
DA:268,2
DA:269,1
DA:270,1
DA:271,2
LF:137
LH:116
end_of_record
SF:lib/screen/detail_item_ansicht.dart
DA:13,1
DA:16,1
DA:17,1
DA:25,1
DA:27,1
DA:28,4
DA:29,1
DA:32,1
DA:35,5
DA:36,2
DA:37,1
DA:40,0
DA:44,1
DA:45,2
DA:46,2
DA:47,0
DA:48,0
DA:50,2
DA:51,3
DA:56,1
DA:58,1
DA:59,1
DA:62,1
DA:63,1
DA:64,0
DA:65,0
DA:68,1
DA:69,1
DA:70,1
DA:71,0
DA:76,1
DA:77,1
DA:79,1
DA:80,1
DA:81,1
DA:82,1
DA:83,4
DA:88,1
DA:91,1
DA:92,1
DA:93,0
DA:94,0
DA:98,1
DA:101,1
DA:102,1
DA:103,0
DA:108,1
DA:110,1
DA:112,1
DA:113,1
DA:114,3
DA:115,1
DA:117,1
DA:118,1
DA:119,5
DA:120,1
DA:122,1
DA:123,1
DA:124,3
DA:125,1
DA:127,1
DA:128,2
DA:129,1
DA:130,1
DA:131,3
DA:132,2
DA:133,1
DA:135,2
DA:137,4
DA:139,1
DA:140,1
DA:141,1
DA:142,1
DA:145,1
DA:153,1
DA:154,1
DA:157,1
DA:159,1
DA:160,1
DA:161,1
DA:163,1
DA:164,3
DA:165,3
DA:166,3
DA:167,1
DA:168,3
DA:169,1
DA:173,2
DA:174,1
DA:175,3
DA:178,1
DA:180,1
DA:181,3
DA:182,1
LF:94
LH:85
end_of_record
SF:lib/warenkorb/cart.dart
DA:4,9
DA:5,6
DA:7,3
DA:11,8
DA:13,0
DA:15,3
DA:16,6
DA:17,0
DA:19,6
DA:23,1
DA:24,5
DA:25,0
DA:27,2
DA:31,1
DA:32,2
DA:35,0
DA:36,0
DA:37,0
DA:39,0
DA:43,1
DA:44,3
DA:46,6
LF:22
LH:15
end_of_record
SF:lib/screen/edit_item_page.dart
DA:13,1
DA:19,1
DA:21,1
DA:32,1
DA:34,1
DA:35,3
DA:36,5
DA:37,2
DA:38,3
DA:39,3
DA:40,2
DA:41,1
DA:46,1
DA:47,1
DA:48,2
DA:49,2
DA:50,2
DA:51,1
DA:52,1
DA:53,0
DA:54,0
DA:55,0
DA:56,0
DA:57,0
DA:58,0
DA:59,0
DA:60,0
DA:61,0
DA:62,0
DA:64,0
DA:66,1
DA:67,1
DA:68,3
DA:69,1
DA:70,1
DA:71,1
DA:72,1
DA:74,1
DA:75,1
DA:79,3
DA:80,4
DA:81,3
DA:82,2
DA:84,1
DA:85,1
DA:86,1
DA:87,2
DA:88,4
DA:91,3
DA:92,2
DA:97,1
DA:99,1
DA:100,1
DA:101,1
DA:103,1
DA:104,1
DA:105,1
DA:106,2
DA:107,2
DA:108,1
DA:109,0
DA:112,1
DA:113,1
DA:114,1
DA:115,1
DA:118,1
DA:119,1
DA:120,1
DA:122,1
DA:123,1
DA:124,1
DA:126,1
DA:130,1
DA:131,1
DA:133,1
DA:134,1
DA:135,1
DA:137,1
DA:141,1
DA:143,1
DA:144,1
DA:145,1
DA:147,1
DA:152,1
DA:153,1
DA:154,2
DA:155,2
DA:159,2
DA:161,2
DA:162,1
DA:163,1
DA:164,0
DA:165,0
DA:168,0
DA:169,0
DA:170,0
DA:172,0
DA:173,0
DA:174,0
DA:175,0
DA:177,0
DA:178,0
DA:179,0
DA:180,0
DA:181,0
DA:182,0
DA:188,0
DA:189,0
DA:190,0
DA:192,0
DA:193,0
DA:194,0
DA:195,0
DA:196,0
DA:203,1
DA:204,1
DA:205,3
DA:206,1
DA:207,2
DA:210,2
DA:211,3
DA:212,1
DA:213,1
DA:214,1
DA:216,3
DA:217,3
DA:218,2
DA:219,2
DA:220,4
DA:225,1
DA:227,1
DA:229,1
DA:230,1
DA:231,2
DA:232,1
LF:135
LH:100
end_of_record
SF:lib/screen/edit_pizza_page.dart
DA:13,1
DA:16,1
DA:17,1
DA:24,1
DA:27,1
DA:29,1
DA:30,3
DA:31,5
DA:32,2
DA:33,1
DA:34,3
DA:35,4
DA:36,1
DA:37,1
DA:41,1
DA:44,5
DA:45,2
DA:46,1
DA:49,0
DA:53,1
DA:54,2
DA:56,6
DA:57,1
DA:58,0
DA:59,0
DA:61,2
DA:62,3
DA:67,1
DA:70,3
DA:71,5
DA:74,2
DA:75,2
DA:76,2
DA:77,2
DA:79,2
DA:80,2
DA:83,3
DA:87,6
DA:88,2
DA:89,0
DA:90,0
DA:94,2
DA:95,6
DA:96,2
DA:98,3
DA:99,2
DA:103,2
DA:105,0
DA:106,0
DA:110,0
DA:111,0
DA:112,0
DA:115,0
DA:116,0
DA:120,0
DA:124,1
DA:126,1
DA:127,1
DA:130,1
DA:131,1
DA:132,0
DA:133,0
DA:136,1
DA:137,1
DA:138,1
DA:139,0
DA:144,1
DA:145,1
DA:146,1
DA:147,2
DA:148,2
DA:149,1
DA:150,0
DA:153,1
DA:154,1
DA:155,1
DA:157,1
DA:158,1
DA:159,1
DA:160,1
DA:161,2
DA:166,1
DA:169,1
DA:170,1
DA:171,0
DA:172,0
DA:176,1
DA:179,1
DA:180,1
DA:181,0
DA:186,1
DA:188,1
DA:190,1
DA:191,1
DA:192,1
DA:193,1
DA:196,1
DA:197,1
DA:198,3
DA:199,1
DA:202,1
DA:203,1
DA:204,1
DA:205,1
DA:207,1
DA:208,1
DA:210,1
DA:213,1
DA:214,2
DA:215,0
DA:216,1
DA:217,3
DA:218,2
DA:219,4
DA:220,1
DA:222,2
DA:223,1
DA:224,3
DA:226,1
DA:228,1
DA:229,1
DA:230,1
DA:233,1
DA:243,1
DA:244,1
DA:247,1
DA:249,1
DA:250,1
DA:251,1
DA:252,3
DA:253,1
LF:131
LH:110
end_of_record
SF:lib/screen/main_page.dart
DA:14,2
DA:16,2
DA:17,2
DA:23,2
DA:25,2
DA:26,4
DA:29,2
DA:32,10
DA:35,4
DA:36,2
DA:40,2
DA:42,2
DA:43,2
DA:45,2
DA:47,2
DA:48,2
DA:49,2
DA:50,4
DA:51,4
DA:52,2
DA:53,0
DA:54,6
DA:55,4
DA:57,1
DA:58,2
DA:59,1
DA:60,2
DA:61,1
DA:62,1
DA:63,3
DA:64,1
DA:66,1
DA:67,4
DA:68,4
DA:69,1
DA:70,3
DA:73,1
DA:75,1
DA:76,1
DA:77,1
DA:78,1
DA:79,0
DA:80,0
DA:82,0
DA:83,0
DA:84,0
DA:85,0
DA:86,0
DA:90,1
DA:91,1
DA:92,1
DA:93,1
DA:95,3
DA:96,3
DA:97,2
DA:98,2
DA:101,2
DA:114,2
DA:116,0
DA:118,0
DA:119,0
DA:121,0
DA:122,0
DA:124,2
LF:64
LH:51
end_of_record
SF:lib/screen/einkaufswagen.dart
DA:15,1
DA:21,0
DA:22,0
DA:23,0
DA:24,0
DA:26,1
DA:27,1
DA:34,1
DA:36,3
DA:38,1
DA:39,1
DA:40,1
DA:41,1
DA:42,0
DA:43,0
DA:46,1
DA:48,1
DA:50,1
DA:51,1
DA:52,1
DA:53,1
DA:54,1
DA:55,1
DA:56,1
DA:57,1
DA:58,1
DA:61,2
DA:62,1
DA:63,1
DA:65,2
DA:66,4
DA:67,1
DA:68,1
DA:69,2
DA:75,1
DA:76,1
DA:77,1
DA:78,1
DA:82,1
DA:83,1
DA:84,1
DA:85,1
DA:86,1
DA:90,1
DA:91,1
DA:92,1
DA:94,1
DA:96,1
DA:97,1
DA:98,6
DA:102,1
DA:103,1
DA:104,1
DA:105,1
DA:106,1
DA:108,2
DA:111,3
DA:112,2
DA:113,2
DA:114,2
DA:115,3
DA:117,2
DA:118,2
DA:121,3
DA:123,1
DA:124,1
DA:126,2
DA:127,2
DA:128,1
DA:129,1
DA:134,1
DA:142,1
DA:143,2
DA:144,3
LF:74
LH:68
end_of_record
