<?xml version="1.0" encoding="UTF-8" standalone="no"?>
<?xml-stylesheet type="text/xsl" href="jgenhtml.xsl"?><coverage branch-rate="NaN" branches-covered="0" branches-valid="0" complexity="0" date="2024-07-01" filename="index" function-rate="NaN" functions-covered="0" functions-valid="0" line-rate="0.6382429" lines-covered="494" lines-valid="774" testname="lcov.info" version="1.6">
    <sources>
        <source branches-hit="0" branches-valid="0" functions-hit="0" functions-valid="0" lines-hit="15" lines-valid="22" pathname="warenkorb" prefix="/Hochschule/Semester4/SWT2/project_10_frontend/lib/"/>
        <source branches-hit="0" branches-valid="0" functions-hit="0" functions-valid="0" lines-hit="395" lines-valid="580" pathname="screen" prefix="/Hochschule/Semester4/SWT2/project_10_frontend/lib/"/>
        <source branches-hit="0" branches-valid="0" functions-hit="0" functions-valid="0" lines-hit="46" lines-valid="66" pathname="model" prefix="/Hochschule/Semester4/SWT2/project_10_frontend/lib/"/>
        <source branches-hit="0" branches-valid="0" functions-hit="0" functions-valid="0" lines-hit="38" lines-valid="106" pathname="backend" prefix="/Hochschule/Semester4/SWT2/project_10_frontend/lib/"/>
    </sources>
    <config branch-coverage="true" description-file="false" function-coverage="true" genhtml_hi_limit="90" genhtml_med_limit="75" legend="false" no-sort="false" no-source="false" show-details="false"/>
</coverage>
