<?xml version="1.0" encoding="UTF-8" standalone="no"?>
<?xml-stylesheet type="text/xsl" href="../jgenhtml.xsl"?><coverage branch-rate="NaN" branches-covered="0" branches-valid="0" complexity="0" date="2024-07-01" filename="cart.dart" function-rate="NaN" functions-covered="0" functions-valid="0" line-rate="0.6818182" lines-covered="15" lines-valid="22" package="warenkorb" testname="lcov.info" version="1.6">
    <lines>
        <line number="1">
            <code>import 'package:project_10_frontend/model/MenuItemBase.dart';</code>
        </line>
        <line number="2">
            <code/>
        </line>
        <line number="3">
            <code>class Cart {</code>
        </line>
        <line hits="6" number="4">
            <code>  static final Cart _instance = Cart._internal();</code>
            <hit count="6" name="&lt;unnamed&gt;"/>
        </line>
        <line hits="4" number="5">
            <code>  factory Cart() =&gt; _instance;</code>
            <hit count="4" name="&lt;unnamed&gt;"/>
        </line>
        <line number="6">
            <code/>
        </line>
        <line hits="2" number="7">
            <code>  Cart._internal();</code>
            <hit count="2" name="&lt;unnamed&gt;"/>
        </line>
        <line number="8">
            <code/>
        </line>
        <line number="9">
            <code>  final Map&lt;MenuItemBase, int&gt; _items = {};</code>
        </line>
        <line number="10">
            <code/>
        </line>
        <line hits="4" number="11">
            <code>  List&lt;MenuItemBase&gt; get items =&gt; _items.keys.toList();</code>
            <hit count="4" name="&lt;unnamed&gt;"/>
        </line>
        <line number="12">
            <code/>
        </line>
        <line hits="0" number="13">
            <code>  int getQuantity(MenuItemBase item) =&gt; _items[item] ?? 0;</code>
        </line>
        <line number="14">
            <code/>
        </line>
        <line hits="2" number="15">
            <code>  void addItem(MenuItemBase item) {</code>
            <hit count="2" name="&lt;unnamed&gt;"/>
        </line>
        <line hits="4" number="16">
            <code>    if (_items.containsKey(item)) {</code>
            <hit count="4" name="&lt;unnamed&gt;"/>
        </line>
        <line hits="0" number="17">
            <code>      _items[item] = _items[item]! + 1;</code>
        </line>
        <line number="18">
            <code>    } else {</code>
        </line>
        <line hits="4" number="19">
            <code>      _items[item] = 1;</code>
            <hit count="4" name="&lt;unnamed&gt;"/>
        </line>
        <line number="20">
            <code>    }</code>
        </line>
        <line number="21">
            <code>  }</code>
        </line>
        <line number="22">
            <code/>
        </line>
        <line hits="1" number="23">
            <code>  void removeItem(MenuItemBase item) {</code>
            <hit count="1" name="&lt;unnamed&gt;"/>
        </line>
        <line hits="5" number="24">
            <code>    if (_items.containsKey(item) &amp;&amp; _items[item]! &gt; 1) {</code>
            <hit count="5" name="&lt;unnamed&gt;"/>
        </line>
        <line hits="0" number="25">
            <code>      _items[item] = _items[item]! - 1;</code>
        </line>
        <line number="26">
            <code>    } else {</code>
        </line>
        <line hits="2" number="27">
            <code>      _items.remove(item);</code>
            <hit count="2" name="&lt;unnamed&gt;"/>
        </line>
        <line number="28">
            <code>    }</code>
        </line>
        <line number="29">
            <code>  }</code>
        </line>
        <line number="30">
            <code/>
        </line>
        <line hits="1" number="31">
            <code>  void clear() {</code>
            <hit count="1" name="&lt;unnamed&gt;"/>
        </line>
        <line hits="2" number="32">
            <code>    _items.clear();</code>
            <hit count="2" name="&lt;unnamed&gt;"/>
        </line>
        <line number="33">
            <code>  }</code>
        </line>
        <line number="34">
            <code/>
        </line>
        <line hits="0" number="35">
            <code>  void updateItem(MenuItemBase item, int quantity) {</code>
        </line>
        <line hits="0" number="36">
            <code>    if (quantity &gt; 0) {</code>
        </line>
        <line hits="0" number="37">
            <code>      _items[item] = quantity;</code>
        </line>
        <line number="38">
            <code>    } else {</code>
        </line>
        <line hits="0" number="39">
            <code>      _items.remove(item);</code>
        </line>
        <line number="40">
            <code>    }</code>
        </line>
        <line number="41">
            <code>  }</code>
        </line>
        <line number="42">
            <code/>
        </line>
        <line hits="1" number="43">
            <code>  double calculateTotal() {</code>
            <hit count="1" name="&lt;unnamed&gt;"/>
        </line>
        <line hits="3" number="44">
            <code>    return _items.entries.fold(</code>
            <hit count="3" name="&lt;unnamed&gt;"/>
        </line>
        <line number="45">
            <code>      0.0,</code>
        </line>
        <line hits="6" number="46">
            <code>      (total, entry) =&gt; total + entry.key.preis * entry.value,</code>
            <hit count="6" name="&lt;unnamed&gt;"/>
        </line>
        <line number="47">
            <code>    );</code>
        </line>
        <line number="48">
            <code>  }</code>
        </line>
        <line number="49">
            <code>}</code>
        </line>
    </lines>
    <config branch-coverage="true" description-file="false" function-coverage="true" genhtml_hi_limit="90" genhtml_med_limit="75" legend="false" no-sort="false" no-source="false" show-details="false"/>
    <base href="../"/>
    <base href="../"/>
</coverage>
